2023-Sep-18 09:18:05 [restartedMain] INFO  c.e.f.FaEMarketApplication                         - Starting FaEMarketApplication using Java 19.0.1 with PID 9708 (D:\STUDY\SpringFramework\fa-eMarket\target\classes started by leyen in D:\STUDY\SpringFramework\fa-eMarket)
2023-Sep-18 09:18:05 [restartedMain] INFO  c.e.f.FaEMarketApplication                         - No active profile set, falling back to 1 default profile: "default"
2023-Sep-18 09:18:05 [restartedMain] INFO  o.s.b.d.e.DevToolsPropertyDefaultsPostProcessor    - Devtools property defaults active! Set 'spring.devtools.add-properties' to 'false' to disable
2023-Sep-18 09:18:05 [restartedMain] INFO  o.s.b.d.e.DevToolsPropertyDefaultsPostProcessor    - For additional web related logging consider setting the 'logging.level.web' property to 'DEBUG'
2023-Sep-18 09:18:06 [restartedMain] INFO  o.s.d.r.c.RepositoryConfigurationDelegate          - Bootstrapping Spring Data JPA repositories in DEFAULT mode.
2023-Sep-18 09:18:06 [restartedMain] INFO  o.s.d.r.c.RepositoryConfigurationDelegate          - Finished Spring Data repository scanning in 56 ms. Found 3 JPA repository interfaces.
2023-Sep-18 09:18:06 [restartedMain] INFO  o.s.b.w.e.t.TomcatWebServer                        - Tomcat initialized with port(s): 8080 (http)
2023-Sep-18 09:18:06 [restartedMain] INFO  o.a.c.h.Http11NioProtocol                          - Initializing ProtocolHandler ["http-nio-8080"]
2023-Sep-18 09:18:06 [restartedMain] INFO  o.a.c.c.StandardService                            - Starting service [Tomcat]
2023-Sep-18 09:18:06 [restartedMain] INFO  o.a.c.c.StandardEngine                             - Starting Servlet engine: [Apache Tomcat/10.1.12]
2023-Sep-18 09:18:06 [restartedMain] INFO  o.a.c.c.C.[.[.[/]                                  - Initializing Spring embedded WebApplicationContext
2023-Sep-18 09:18:06 [restartedMain] INFO  o.s.b.w.s.c.ServletWebServerApplicationContext     - Root WebApplicationContext: initialization completed in 1298 ms
2023-Sep-18 09:18:06 [restartedMain] INFO  c.z.h.HikariDataSource                             - HikariPool-1 - Starting...
2023-Sep-18 09:18:07 [restartedMain] INFO  c.z.h.p.HikariPool                                 - HikariPool-1 - Added connection com.mysql.cj.jdbc.ConnectionImpl@21c90e43
2023-Sep-18 09:18:07 [restartedMain] INFO  c.z.h.HikariDataSource                             - HikariPool-1 - Start completed.
2023-Sep-18 09:18:07 [restartedMain] INFO  o.s.b.a.h.H2ConsoleAutoConfiguration               - H2 console available at '/h2-console'. Database available at 'jdbc:mysql://localhost:3306/faemarket'
2023-Sep-18 09:18:07 [restartedMain] INFO  o.h.j.i.u.LogHelper                                - HHH000204: Processing PersistenceUnitInfo [name: default]
2023-Sep-18 09:18:07 [restartedMain] INFO  o.h.Version                                        - HHH000412: Hibernate ORM core version 6.2.7.Final
2023-Sep-18 09:18:07 [restartedMain] INFO  o.h.c.Environment                                  - HHH000406: Using bytecode reflection optimizer
2023-Sep-18 09:18:07 [restartedMain] INFO  o.h.b.i.BytecodeProviderInitiator                  - HHH000021: Bytecode provider name : bytebuddy
2023-Sep-18 09:18:07 [restartedMain] INFO  o.s.o.j.p.SpringPersistenceUnitInfo                - No LoadTimeWeaver setup: ignoring JPA class transformer
2023-Sep-18 09:18:08 [restartedMain] INFO  o.h.b.i.BytecodeProviderInitiator                  - HHH000021: Bytecode provider name : bytebuddy
2023-Sep-18 09:18:09 [restartedMain] INFO  o.h.e.t.j.p.i.JtaPlatformInitiator                 - HHH000490: Using JtaPlatform implementation: [org.hibernate.engine.transaction.jta.platform.internal.NoJtaPlatform]
2023-Sep-18 09:18:09 [restartedMain] INFO  o.s.o.j.LocalContainerEntityManagerFactoryBean     - Initialized JPA EntityManagerFactory for persistence unit 'default'
2023-Sep-18 09:18:09 [restartedMain] WARN  o.s.b.w.s.c.AnnotationConfigServletWebServerApplicationContext - Exception encountered during context initialization - cancelling refresh attempt: org.springframework.beans.factory.UnsatisfiedDependencyException: Error creating bean with name 'apartmentController': Unsatisfied dependency expressed through field 'apartmentService': No qualifying bean of type 'com.example.faemarket.service.ApartmentService' available: expected at least 1 bean which qualifies as autowire candidate. Dependency annotations: {@org.springframework.beans.factory.annotation.Autowired(required=true)}
2023-Sep-18 09:18:09 [restartedMain] INFO  o.s.o.j.LocalContainerEntityManagerFactoryBean     - Closing JPA EntityManagerFactory for persistence unit 'default'
2023-Sep-18 09:18:09 [restartedMain] INFO  c.z.h.HikariDataSource                             - HikariPool-1 - Shutdown initiated...
2023-Sep-18 09:18:09 [restartedMain] INFO  c.z.h.HikariDataSource                             - HikariPool-1 - Shutdown completed.
2023-Sep-18 09:18:09 [restartedMain] INFO  o.a.c.c.StandardService                            - Stopping service [Tomcat]
2023-Sep-18 09:18:09 [restartedMain] INFO  o.s.b.a.l.ConditionEvaluationReportLogger          - 

Error starting ApplicationContext. To display the condition evaluation report re-run your application with 'debug' enabled.
2023-Sep-18 09:18:09 [restartedMain] ERROR o.s.b.d.LoggingFailureAnalysisReporter             - 

***************************
APPLICATION FAILED TO START
***************************

Description:

Field apartmentService in com.example.faemarket.controller.ApartmentController required a bean of type 'com.example.faemarket.service.ApartmentService' that could not be found.

The injection point has the following annotations:
	- @org.springframework.beans.factory.annotation.Autowired(required=true)


Action:

Consider defining a bean of type 'com.example.faemarket.service.ApartmentService' in your configuration.

